[ 2014-08-19T16:15:00+08:00 ] 127.0.0.1 /TPshop/
INFO: [ app_init ] --START--
INFO: Run Behavior\BuildLiteBehavior [ RunTime:0.000000s ]
INFO: [ app_init ] --END-- [ RunTime:0.061003s ]
INFO: [ app_begin ] --START--
INFO: Run Behavior\ReadHtmlCacheBehavior [ RunTime:0.003000s ]
INFO: [ app_begin ] --END-- [ RunTime:0.003000s ]
INFO: [ view_parse ] --START--
INFO: [ template_filter ] --START--
INFO: Run Behavior\ContentReplaceBehavior [ RunTime:0.000000s ]
INFO: [ template_filter ] --END-- [ RunTime:0.001000s ]
INFO: Run Behavior\ParseTemplateBehavior [ RunTime:0.072004s ]
INFO: [ view_parse ] --END-- [ RunTime:0.072004s ]
INFO: [ view_filter ] --START--
INFO: Run Behavior\WriteHtmlCacheBehavior [ RunTime:0.002000s ]
INFO: [ view_filter ] --END-- [ RunTime:0.002000s ]
INFO: [ app_end ] --START--
INFO: Run Behavior\ShowPageTraceBehavior [ RunTime:0.002000s ]
INFO: [ app_end ] --END-- [ RunTime:0.002000s ]

[ 2014-08-19T16:27:55+08:00 ] 127.0.0.1 /TPshop/index.php/Home/Index/test
INFO: [ app_init ] --START--
INFO: Run Behavior\BuildLiteBehavior [ RunTime:0.000000s ]
INFO: [ app_init ] --END-- [ RunTime:0.002000s ]
INFO: [ app_begin ] --START--
INFO: Run Behavior\ReadHtmlCacheBehavior [ RunTime:0.002000s ]
INFO: [ app_begin ] --END-- [ RunTime:0.003000s ]
INFO: [ app_end ] --START--
INFO: Run Behavior\ShowPageTraceBehavior [ RunTime:0.003001s ]
INFO: [ app_end ] --END-- [ RunTime:0.003001s ]

[ 2014-08-19T16:31:41+08:00 ] 127.0.0.1 /TPshop/index.php/Home/User
INFO: [ app_init ] --START--
INFO: Run Behavior\BuildLiteBehavior [ RunTime:0.000000s ]
INFO: [ app_init ] --END-- [ RunTime:0.001000s ]
INFO: [ app_begin ] --START--
INFO: Run Behavior\ReadHtmlCacheBehavior [ RunTime:0.003000s ]
INFO: [ app_begin ] --END-- [ RunTime:0.003000s ]
INFO: [ app_end ] --START--
INFO: Run Behavior\ShowPageTraceBehavior [ RunTime:0.003001s ]
INFO: [ app_end ] --END-- [ RunTime:0.003001s ]

[ 2014-08-19T16:36:57+08:00 ] 127.0.0.1 /TPshop/index.php/Admin/
INFO: [ app_init ] --START--
INFO: Run Behavior\BuildLiteBehavior [ RunTime:0.000000s ]
INFO: [ app_init ] --END-- [ RunTime:0.002000s ]
INFO: [ app_begin ] --START--
INFO: Run Behavior\ReadHtmlCacheBehavior [ RunTime:0.002000s ]
INFO: [ app_begin ] --END-- [ RunTime:0.002000s ]
INFO: [ view_parse ] --START--
INFO: [ template_filter ] --START--
INFO: Run Behavior\ContentReplaceBehavior [ RunTime:0.000000s ]
INFO: [ template_filter ] --END-- [ RunTime:0.001000s ]
INFO: Run Behavior\ParseTemplateBehavior [ RunTime:0.023001s ]
INFO: [ view_parse ] --END-- [ RunTime:0.023001s ]
INFO: [ view_filter ] --START--
INFO: Run Behavior\WriteHtmlCacheBehavior [ RunTime:0.002000s ]
INFO: [ view_filter ] --END-- [ RunTime:0.002000s ]
INFO: [ app_end ] --START--
INFO: Run Behavior\ShowPageTraceBehavior [ RunTime:0.003000s ]
INFO: [ app_end ] --END-- [ RunTime:0.003000s ]

[ 2014-08-19T16:38:19+08:00 ] 127.0.0.1 /TPshop/index.php/Admin/
INFO: [ app_init ] --START--
INFO: Run Behavior\BuildLiteBehavior [ RunTime:0.000000s ]
INFO: [ app_init ] --END-- [ RunTime:0.002000s ]
INFO: [ app_begin ] --START--
INFO: Run Behavior\ReadHtmlCacheBehavior [ RunTime:0.001000s ]
INFO: [ app_begin ] --END-- [ RunTime:0.001000s ]
INFO: [ app_end ] --START--
INFO: Run Behavior\ShowPageTraceBehavior [ RunTime:0.001000s ]
INFO: [ app_end ] --END-- [ RunTime:0.002000s ]

[ 2014-08-19T16:42:23+08:00 ] 127.0.0.1 /TPshop/index.php/Admin/
INFO: [ app_init ] --START--
INFO: Run Behavior\BuildLiteBehavior [ RunTime:0.000000s ]
INFO: [ app_init ] --END-- [ RunTime:0.001001s ]
INFO: [ app_begin ] --START--
INFO: Run Behavior\ReadHtmlCacheBehavior [ RunTime:0.002000s ]
INFO: [ app_begin ] --END-- [ RunTime:0.004000s ]
INFO: [ app_end ] --START--
INFO: Run Behavior\ShowPageTraceBehavior [ RunTime:0.002001s ]
INFO: [ app_end ] --END-- [ RunTime:0.003001s ]

[ 2014-08-19T16:48:14+08:00 ] 127.0.0.1 /TPshop/index.php/Admin/
INFO: [ app_init ] --START--
INFO: Run Behavior\BuildLiteBehavior [ RunTime:0.001000s ]
INFO: [ app_init ] --END-- [ RunTime:0.002000s ]
INFO: [ app_begin ] --START--
INFO: Run Behavior\ReadHtmlCacheBehavior [ RunTime:0.002000s ]
INFO: [ app_begin ] --END-- [ RunTime:0.003000s ]
INFO: [ app_end ] --START--
INFO: Run Behavior\ShowPageTraceBehavior [ RunTime:0.003000s ]
INFO: [ app_end ] --END-- [ RunTime:0.003000s ]

[ 2014-08-19T16:48:39+08:00 ] 127.0.0.1 /TPshop/admin.php
INFO: [ app_init ] --START--
INFO: Run Behavior\BuildLiteBehavior [ RunTime:0.000000s ]
INFO: [ app_init ] --END-- [ RunTime:0.002000s ]
INFO: [ app_begin ] --START--
INFO: Run Behavior\ReadHtmlCacheBehavior [ RunTime:0.002000s ]
INFO: [ app_begin ] --END-- [ RunTime:0.004000s ]
INFO: [ app_end ] --START--
INFO: Run Behavior\ShowPageTraceBehavior [ RunTime:0.001001s ]
INFO: [ app_end ] --END-- [ RunTime:0.002001s ]

[ 2014-08-19T16:53:43+08:00 ] 127.0.0.1 /TPshop/index.php/Home/User
INFO: [ app_init ] --START--
INFO: Run Behavior\BuildLiteBehavior [ RunTime:0.000000s ]
INFO: [ app_init ] --END-- [ RunTime:0.001000s ]
INFO: [ app_begin ] --START--
INFO: Run Behavior\ReadHtmlCacheBehavior [ RunTime:0.002000s ]
INFO: [ app_begin ] --END-- [ RunTime:0.002000s ]
INFO: [ app_end ] --START--
INFO: Run Behavior\ShowPageTraceBehavior [ RunTime:0.002001s ]
INFO: [ app_end ] --END-- [ RunTime:0.002001s ]

[ 2014-08-19T16:53:50+08:00 ] 127.0.0.1 /TPshop/index.php/Home/User/test
INFO: [ app_init ] --START--
INFO: Run Behavior\BuildLiteBehavior [ RunTime:0.000000s ]
INFO: [ app_init ] --END-- [ RunTime:0.001000s ]
INFO: [ app_begin ] --START--
INFO: Run Behavior\ReadHtmlCacheBehavior [ RunTime:0.002000s ]
INFO: [ app_begin ] --END-- [ RunTime:0.002000s ]
ERR: 参数错误或者未定义:user

[ 2014-08-19T16:54:05+08:00 ] 127.0.0.1 /TPshop/index.php/Home/User/test/user/lee/pass/123
INFO: [ app_init ] --START--
INFO: Run Behavior\BuildLiteBehavior [ RunTime:0.001000s ]
INFO: [ app_init ] --END-- [ RunTime:0.002001s ]
INFO: [ app_begin ] --START--
INFO: Run Behavior\ReadHtmlCacheBehavior [ RunTime:0.002000s ]
INFO: [ app_begin ] --END-- [ RunTime:0.002000s ]
INFO: [ app_end ] --START--
INFO: Run Behavior\ShowPageTraceBehavior [ RunTime:0.002000s ]
INFO: [ app_end ] --END-- [ RunTime:0.002000s ]

[ 2014-08-19T16:57:43+08:00 ] 127.0.0.1 /TPshop/index.php/Home_User_test_user_lee_pass_123
INFO: [ app_init ] --START--
INFO: Run Behavior\BuildLiteBehavior [ RunTime:0.000000s ]
INFO: [ app_init ] --END-- [ RunTime:0.002000s ]
INFO: [ app_begin ] --START--
INFO: Run Behavior\ReadHtmlCacheBehavior [ RunTime:0.003000s ]
INFO: [ app_begin ] --END-- [ RunTime:0.003000s ]
INFO: [ app_end ] --START--
INFO: Run Behavior\ShowPageTraceBehavior [ RunTime:0.003000s ]
INFO: [ app_end ] --END-- [ RunTime:0.003000s ]

[ 2014-08-19T17:01:53+08:00 ] 127.0.0.1 /TPshop/index.php/Home/User/test/user/lee/pass/123
INFO: [ app_init ] --START--
INFO: Run Behavior\BuildLiteBehavior [ RunTime:0.000000s ]
INFO: [ app_init ] --END-- [ RunTime:0.002000s ]
INFO: [ app_begin ] --START--
INFO: Run Behavior\ReadHtmlCacheBehavior [ RunTime:0.003000s ]
INFO: [ app_begin ] --END-- [ RunTime:0.003000s ]
INFO: [ app_end ] --START--
INFO: Run Behavior\ShowPageTraceBehavior [ RunTime:0.002000s ]
INFO: [ app_end ] --END-- [ RunTime:0.003000s ]

[ 2014-08-19T17:02:22+08:00 ] 127.0.0.1 /TPshop/Home/User/test/user/lee/pass/123
INFO: [ app_init ] --START--
INFO: Run Behavior\BuildLiteBehavior [ RunTime:0.000000s ]
INFO: [ app_init ] --END-- [ RunTime:0.001000s ]
INFO: [ app_begin ] --START--
INFO: Run Behavior\ReadHtmlCacheBehavior [ RunTime:0.002000s ]
INFO: [ app_begin ] --END-- [ RunTime:0.002000s ]
INFO: [ app_end ] --START--
INFO: Run Behavior\ShowPageTraceBehavior [ RunTime:0.001000s ]
INFO: [ app_end ] --END-- [ RunTime:0.002000s ]

[ 2014-08-19T17:06:13+08:00 ] 127.0.0.1 /TPshop/Home/User/test/user/lee/pass/123
INFO: [ app_init ] --START--
INFO: Run Behavior\BuildLiteBehavior [ RunTime:0.000000s ]
INFO: [ app_init ] --END-- [ RunTime:0.002000s ]
INFO: [ app_begin ] --START--
INFO: Run Behavior\ReadHtmlCacheBehavior [ RunTime:0.003000s ]
INFO: [ app_begin ] --END-- [ RunTime:0.003000s ]
INFO: [ app_end ] --START--
INFO: Run Behavior\ShowPageTraceBehavior [ RunTime:0.002000s ]
INFO: [ app_end ] --END-- [ RunTime:0.002000s ]

[ 2014-08-19T17:24:07+08:00 ] 127.0.0.1 /TPshop/Home/User/model
INFO: [ app_init ] --START--
INFO: Run Behavior\BuildLiteBehavior [ RunTime:0.000000s ]
INFO: [ app_init ] --END-- [ RunTime:0.002000s ]
INFO: [ app_begin ] --START--
INFO: Run Behavior\ReadHtmlCacheBehavior [ RunTime:0.004000s ]
INFO: [ app_begin ] --END-- [ RunTime:0.004000s ]
INFO: [ app_end ] --START--
INFO: Run Behavior\ShowPageTraceBehavior [ RunTime:0.003000s ]
INFO: [ app_end ] --END-- [ RunTime:0.003000s ]

[ 2014-08-19T17:26:01+08:00 ] 127.0.0.1 /TPshop/Home/User/model
INFO: [ app_init ] --START--
INFO: Run Behavior\BuildLiteBehavior [ RunTime:0.000000s ]
INFO: [ app_init ] --END-- [ RunTime:0.002000s ]
INFO: [ app_begin ] --START--
INFO: Run Behavior\ReadHtmlCacheBehavior [ RunTime:0.002000s ]
INFO: [ app_begin ] --END-- [ RunTime:0.002000s ]

[ 2014-08-19T17:26:27+08:00 ] 127.0.0.1 /TPshop/Home/User/model
INFO: [ app_init ] --START--
INFO: Run Behavior\BuildLiteBehavior [ RunTime:0.000000s ]
INFO: [ app_init ] --END-- [ RunTime:0.002000s ]
INFO: [ app_begin ] --START--
INFO: Run Behavior\ReadHtmlCacheBehavior [ RunTime:0.003000s ]
INFO: [ app_begin ] --END-- [ RunTime:0.003000s ]
NOTIC: [2] mysql_connect(): Access denied for user ''@'localhost' (using password: YES) E:\wamp\www\TPshop\ThinkPHP\Library\Think\Db\Driver\Mysql.class.php 第 52 行.
ERR: Access denied for user ''@'localhost' (using password: YES)

[ 2014-08-19T17:26:39+08:00 ] 127.0.0.1 /TPshop/Home/User/model
INFO: [ app_init ] --START--
INFO: Run Behavior\BuildLiteBehavior [ RunTime:0.000000s ]
INFO: [ app_init ] --END-- [ RunTime:0.002000s ]
INFO: [ app_begin ] --START--
INFO: Run Behavior\ReadHtmlCacheBehavior [ RunTime:0.001000s ]
INFO: [ app_begin ] --END-- [ RunTime:0.001000s ]
NOTIC: [2] mysql_connect(): Access denied for user ''@'localhost' (using password: NO) E:\wamp\www\TPshop\ThinkPHP\Library\Think\Db\Driver\Mysql.class.php 第 52 行.
ERR: Access denied for user ''@'localhost' (using password: NO)

[ 2014-08-19T17:26:40+08:00 ] 127.0.0.1 /TPshop/Home/User/model
INFO: [ app_init ] --START--
INFO: Run Behavior\BuildLiteBehavior [ RunTime:0.000000s ]
INFO: [ app_init ] --END-- [ RunTime:0.002000s ]
INFO: [ app_begin ] --START--
INFO: Run Behavior\ReadHtmlCacheBehavior [ RunTime:0.001000s ]
INFO: [ app_begin ] --END-- [ RunTime:0.001000s ]
NOTIC: [2] mysql_connect(): Access denied for user ''@'localhost' (using password: NO) E:\wamp\www\TPshop\ThinkPHP\Library\Think\Db\Driver\Mysql.class.php 第 52 行.
ERR: Access denied for user ''@'localhost' (using password: NO)

[ 2014-08-19T17:26:41+08:00 ] 127.0.0.1 /TPshop/Home/User/model
INFO: [ app_init ] --START--
INFO: Run Behavior\BuildLiteBehavior [ RunTime:0.000000s ]
INFO: [ app_init ] --END-- [ RunTime:0.002000s ]
INFO: [ app_begin ] --START--
INFO: Run Behavior\ReadHtmlCacheBehavior [ RunTime:0.001000s ]
INFO: [ app_begin ] --END-- [ RunTime:0.001000s ]
NOTIC: [2] mysql_connect(): Access denied for user ''@'localhost' (using password: NO) E:\wamp\www\TPshop\ThinkPHP\Library\Think\Db\Driver\Mysql.class.php 第 52 行.
ERR: Access denied for user ''@'localhost' (using password: NO)

[ 2014-08-19T17:26:41+08:00 ] 127.0.0.1 /TPshop/Home/User/model
INFO: [ app_init ] --START--
INFO: Run Behavior\BuildLiteBehavior [ RunTime:0.000000s ]
INFO: [ app_init ] --END-- [ RunTime:0.001000s ]
INFO: [ app_begin ] --START--
INFO: Run Behavior\ReadHtmlCacheBehavior [ RunTime:0.002000s ]
INFO: [ app_begin ] --END-- [ RunTime:0.002000s ]
NOTIC: [2] mysql_connect(): Access denied for user ''@'localhost' (using password: NO) E:\wamp\www\TPshop\ThinkPHP\Library\Think\Db\Driver\Mysql.class.php 第 52 行.
ERR: Access denied for user ''@'localhost' (using password: NO)

[ 2014-08-19T17:26:55+08:00 ] 127.0.0.1 /TPshop/Home/User/model
INFO: [ app_init ] --START--
INFO: Run Behavior\BuildLiteBehavior [ RunTime:0.000000s ]
INFO: [ app_init ] --END-- [ RunTime:0.002000s ]
INFO: [ app_begin ] --START--
INFO: Run Behavior\ReadHtmlCacheBehavior [ RunTime:0.002000s ]
INFO: [ app_begin ] --END-- [ RunTime:0.002000s ]
NOTIC: [2] mysql_connect(): Access denied for user ''@'localhost' (using password: YES) E:\wamp\www\TPshop\ThinkPHP\Library\Think\Db\Driver\Mysql.class.php 第 52 行.
ERR: Access denied for user ''@'localhost' (using password: YES)

[ 2014-08-19T17:26:55+08:00 ] 127.0.0.1 /TPshop/Home/User/model
INFO: [ app_init ] --START--
INFO: Run Behavior\BuildLiteBehavior [ RunTime:0.000000s ]
INFO: [ app_init ] --END-- [ RunTime:0.001000s ]
INFO: [ app_begin ] --START--
INFO: Run Behavior\ReadHtmlCacheBehavior [ RunTime:0.001000s ]
INFO: [ app_begin ] --END-- [ RunTime:0.002000s ]
NOTIC: [2] mysql_connect(): Access denied for user ''@'localhost' (using password: YES) E:\wamp\www\TPshop\ThinkPHP\Library\Think\Db\Driver\Mysql.class.php 第 52 行.
ERR: Access denied for user ''@'localhost' (using password: YES)

[ 2014-08-19T17:29:26+08:00 ] 127.0.0.1 /TPshop/Home/User/model
INFO: [ app_init ] --START--
INFO: Run Behavior\BuildLiteBehavior [ RunTime:0.000000s ]
INFO: [ app_init ] --END-- [ RunTime:0.002000s ]
INFO: [ app_begin ] --START--
INFO: Run Behavior\ReadHtmlCacheBehavior [ RunTime:0.002000s ]
INFO: [ app_begin ] --END-- [ RunTime:0.003000s ]
SQL: SHOW COLUMNS FROM `think_user` [ RunTime:0.013001s ]
INFO: [ app_end ] --START--
INFO: Run Behavior\ShowPageTraceBehavior [ RunTime:0.002000s ]
INFO: [ app_end ] --END-- [ RunTime:0.003000s ]

[ 2014-08-19T17:31:01+08:00 ] 127.0.0.1 /TPshop/Home/User/model
INFO: [ app_init ] --START--
INFO: Run Behavior\BuildLiteBehavior [ RunTime:0.001000s ]
INFO: [ app_init ] --END-- [ RunTime:0.001000s ]
INFO: [ app_begin ] --START--
INFO: Run Behavior\ReadHtmlCacheBehavior [ RunTime:0.002001s ]
INFO: [ app_begin ] --END-- [ RunTime:0.002001s ]
SQL: SHOW COLUMNS FROM `think_user` [ RunTime:0.013001s ]
INFO: [ app_end ] --START--
INFO: Run Behavior\ShowPageTraceBehavior [ RunTime:0.002000s ]
INFO: [ app_end ] --END-- [ RunTime:0.003000s ]

[ 2014-08-19T17:31:35+08:00 ] 127.0.0.1 /TPshop/Home/User/model
INFO: [ app_init ] --START--
INFO: Run Behavior\BuildLiteBehavior [ RunTime:0.000000s ]
INFO: [ app_init ] --END-- [ RunTime:0.002000s ]
INFO: [ app_begin ] --START--
INFO: Run Behavior\ReadHtmlCacheBehavior [ RunTime:0.002000s ]
INFO: [ app_begin ] --END-- [ RunTime:0.002000s ]
SQL: SHOW COLUMNS FROM `think_user` [ RunTime:0.012000s ]
INFO: [ app_end ] --START--
INFO: Run Behavior\ShowPageTraceBehavior [ RunTime:0.002001s ]
INFO: [ app_end ] --END-- [ RunTime:0.002001s ]

[ 2014-08-19T17:32:24+08:00 ] 127.0.0.1 /TPshop/Home/User/model
INFO: [ app_init ] --START--
INFO: Run Behavior\BuildLiteBehavior [ RunTime:0.000000s ]
INFO: [ app_init ] --END-- [ RunTime:0.001000s ]
INFO: [ app_begin ] --START--
INFO: Run Behavior\ReadHtmlCacheBehavior [ RunTime:0.002001s ]
INFO: [ app_begin ] --END-- [ RunTime:0.002001s ]
SQL: SHOW COLUMNS FROM `think_user` [ RunTime:0.013001s ]
SQL: SELECT * FROM `think_user`  [ RunTime:0.001000s ]
INFO: [ app_end ] --START--
INFO: Run Behavior\ShowPageTraceBehavior [ RunTime:0.002000s ]
INFO: [ app_end ] --END-- [ RunTime:0.002000s ]

[ 2014-08-19T17:37:27+08:00 ] 127.0.0.1 /TPshop/Home/User/model
INFO: [ app_init ] --START--
INFO: Run Behavior\BuildLiteBehavior [ RunTime:0.000000s ]
INFO: [ app_init ] --END-- [ RunTime:0.001000s ]
INFO: [ app_begin ] --START--
INFO: Run Behavior\ReadHtmlCacheBehavior [ RunTime:0.002000s ]
INFO: [ app_begin ] --END-- [ RunTime:0.002000s ]
SQL: DESCRIBE think_user [ RunTime:0.039002s ]
SQL: SELECT * FROM `think_user`  [ RunTime:0.001000s ]
INFO: [ app_end ] --START--
INFO: Run Behavior\ShowPageTraceBehavior [ RunTime:0.002000s ]
INFO: [ app_end ] --END-- [ RunTime:0.002000s ]

[ 2014-08-19T17:40:33+08:00 ] 127.0.0.1 /TPshop/Home/User/model
INFO: [ app_init ] --START--
INFO: Run Behavior\BuildLiteBehavior [ RunTime:0.000000s ]
INFO: [ app_init ] --END-- [ RunTime:0.001000s ]
INFO: [ app_begin ] --START--
INFO: Run Behavior\ReadHtmlCacheBehavior [ RunTime:0.002000s ]
INFO: [ app_begin ] --END-- [ RunTime:0.003000s ]
SQL: DESCRIBE think_user [ RunTime:0.012000s ]
SQL: SELECT * FROM `think_user`  [ RunTime:0.001001s ]
INFO: [ app_end ] --START--
INFO: Run Behavior\ShowPageTraceBehavior [ RunTime:0.002000s ]
INFO: [ app_end ] --END-- [ RunTime:0.003000s ]

[ 2014-08-19T17:40:59+08:00 ] 127.0.0.1 /TPshop/Home/User/model
INFO: [ app_init ] --START--
INFO: Run Behavior\BuildLiteBehavior [ RunTime:0.000000s ]
INFO: [ app_init ] --END-- [ RunTime:0.001000s ]
INFO: [ app_begin ] --START--
INFO: Run Behavior\ReadHtmlCacheBehavior [ RunTime:0.002000s ]
INFO: [ app_begin ] --END-- [ RunTime:0.002000s ]
SQL: DESCRIBE tp_user [ RunTime:0.075004s ]
ERR: 1146:Table 'thinkphp.tp_user' doesn't exist
 [ SQL语句 ] : DESCRIBE tp_user
SQL: SELECT * FROM `tp_user`  [ RunTime:0.002000s ]
ERR: 1146:Table 'thinkphp.tp_user' doesn't exist
 [ SQL语句 ] : SELECT * FROM `tp_user` 
INFO: [ app_end ] --START--
INFO: Run Behavior\ShowPageTraceBehavior [ RunTime:0.002000s ]
INFO: [ app_end ] --END-- [ RunTime:0.002000s ]

[ 2014-08-19T17:41:19+08:00 ] 127.0.0.1 /TPshop/Home/User/model
INFO: [ app_init ] --START--
INFO: Run Behavior\BuildLiteBehavior [ RunTime:0.000000s ]
INFO: [ app_init ] --END-- [ RunTime:0.001000s ]
INFO: [ app_begin ] --START--
INFO: Run Behavior\ReadHtmlCacheBehavior [ RunTime:0.001001s ]
INFO: [ app_begin ] --END-- [ RunTime:0.002001s ]
SQL: DESCRIBE tp_user [ RunTime:0.011000s ]
ERR: 1146:Table 'thinkphp.tp_user' doesn't exist
 [ SQL语句 ] : DESCRIBE tp_user
SQL: SELECT * FROM `tp_user`  [ RunTime:0.001000s ]
ERR: 1146:Table 'thinkphp.tp_user' doesn't exist
 [ SQL语句 ] : SELECT * FROM `tp_user` 
INFO: [ app_end ] --START--
INFO: Run Behavior\ShowPageTraceBehavior [ RunTime:0.001000s ]
INFO: [ app_end ] --END-- [ RunTime:0.002000s ]

[ 2014-08-19T17:41:20+08:00 ] 127.0.0.1 /TPshop/Home/User/model
INFO: [ app_init ] --START--
INFO: Run Behavior\BuildLiteBehavior [ RunTime:0.000000s ]
INFO: [ app_init ] --END-- [ RunTime:0.001000s ]
INFO: [ app_begin ] --START--
INFO: Run Behavior\ReadHtmlCacheBehavior [ RunTime:0.002000s ]
INFO: [ app_begin ] --END-- [ RunTime:0.002000s ]
SQL: DESCRIBE tp_user [ RunTime:0.012001s ]
ERR: 1146:Table 'thinkphp.tp_user' doesn't exist
 [ SQL语句 ] : DESCRIBE tp_user
SQL: SELECT * FROM `tp_user`  [ RunTime:0.001000s ]
ERR: 1146:Table 'thinkphp.tp_user' doesn't exist
 [ SQL语句 ] : SELECT * FROM `tp_user` 
INFO: [ app_end ] --START--
INFO: Run Behavior\ShowPageTraceBehavior [ RunTime:0.002000s ]
INFO: [ app_end ] --END-- [ RunTime:0.002000s ]

[ 2014-08-19T17:41:20+08:00 ] 127.0.0.1 /TPshop/Home/User/model
INFO: [ app_init ] --START--
INFO: Run Behavior\BuildLiteBehavior [ RunTime:0.000000s ]
INFO: [ app_init ] --END-- [ RunTime:0.001000s ]
INFO: [ app_begin ] --START--
INFO: Run Behavior\ReadHtmlCacheBehavior [ RunTime:0.003000s ]
INFO: [ app_begin ] --END-- [ RunTime:0.003000s ]
SQL: DESCRIBE tp_user [ RunTime:0.012001s ]
ERR: 1146:Table 'thinkphp.tp_user' doesn't exist
 [ SQL语句 ] : DESCRIBE tp_user
SQL: SELECT * FROM `tp_user`  [ RunTime:0.001000s ]
ERR: 1146:Table 'thinkphp.tp_user' doesn't exist
 [ SQL语句 ] : SELECT * FROM `tp_user` 
INFO: [ app_end ] --START--
INFO: Run Behavior\ShowPageTraceBehavior [ RunTime:0.001000s ]
INFO: [ app_end ] --END-- [ RunTime:0.002000s ]

[ 2014-08-19T17:41:20+08:00 ] 127.0.0.1 /TPshop/Home/User/model
INFO: [ app_init ] --START--
INFO: Run Behavior\BuildLiteBehavior [ RunTime:0.001000s ]
INFO: [ app_init ] --END-- [ RunTime:0.002000s ]
INFO: [ app_begin ] --START--
INFO: Run Behavior\ReadHtmlCacheBehavior [ RunTime:0.002000s ]
INFO: [ app_begin ] --END-- [ RunTime:0.002000s ]
SQL: DESCRIBE tp_user [ RunTime:0.011000s ]
ERR: 1146:Table 'thinkphp.tp_user' doesn't exist
 [ SQL语句 ] : DESCRIBE tp_user
SQL: SELECT * FROM `tp_user`  [ RunTime:0.002000s ]
ERR: 1146:Table 'thinkphp.tp_user' doesn't exist
 [ SQL语句 ] : SELECT * FROM `tp_user` 
INFO: [ app_end ] --START--
INFO: Run Behavior\ShowPageTraceBehavior [ RunTime:0.002000s ]
INFO: [ app_end ] --END-- [ RunTime:0.002000s ]

[ 2014-08-19T17:41:45+08:00 ] 127.0.0.1 /TPshop/Home/User/model
INFO: [ app_init ] --START--
INFO: Run Behavior\BuildLiteBehavior [ RunTime:0.000000s ]
INFO: [ app_init ] --END-- [ RunTime:0.002001s ]
INFO: [ app_begin ] --START--
INFO: Run Behavior\ReadHtmlCacheBehavior [ RunTime:0.002000s ]
INFO: [ app_begin ] --END-- [ RunTime:0.002000s ]
SQL: DESCRIBE tp_user [ RunTime:0.013001s ]
ERR: 1146:Table 'thinkphp.tp_user' doesn't exist
 [ SQL语句 ] : DESCRIBE tp_user
SQL: SELECT * FROM `tp_user`  [ RunTime:0.002000s ]
ERR: 1146:Table 'thinkphp.tp_user' doesn't exist
 [ SQL语句 ] : SELECT * FROM `tp_user` 
INFO: [ app_end ] --START--
INFO: Run Behavior\ShowPageTraceBehavior [ RunTime:0.002000s ]
INFO: [ app_end ] --END-- [ RunTime:0.002000s ]

[ 2014-08-19T17:41:45+08:00 ] 127.0.0.1 /TPshop/Home/User/model
INFO: [ app_init ] --START--
INFO: Run Behavior\BuildLiteBehavior [ RunTime:0.000000s ]
INFO: [ app_init ] --END-- [ RunTime:0.001000s ]
INFO: [ app_begin ] --START--
INFO: Run Behavior\ReadHtmlCacheBehavior [ RunTime:0.001000s ]
INFO: [ app_begin ] --END-- [ RunTime:0.001000s ]
SQL: DESCRIBE tp_user [ RunTime:0.012001s ]
ERR: 1146:Table 'thinkphp.tp_user' doesn't exist
 [ SQL语句 ] : DESCRIBE tp_user
SQL: SELECT * FROM `tp_user`  [ RunTime:0.002000s ]
ERR: 1146:Table 'thinkphp.tp_user' doesn't exist
 [ SQL语句 ] : SELECT * FROM `tp_user` 
INFO: [ app_end ] --START--
INFO: Run Behavior\ShowPageTraceBehavior [ RunTime:0.002000s ]
INFO: [ app_end ] --END-- [ RunTime:0.002000s ]

[ 2014-08-19T17:41:45+08:00 ] 127.0.0.1 /TPshop/Home/User/model
INFO: [ app_init ] --START--
INFO: Run Behavior\BuildLiteBehavior [ RunTime:0.000000s ]
INFO: [ app_init ] --END-- [ RunTime:0.001000s ]
INFO: [ app_begin ] --START--
INFO: Run Behavior\ReadHtmlCacheBehavior [ RunTime:0.001000s ]
INFO: [ app_begin ] --END-- [ RunTime:0.002000s ]
SQL: DESCRIBE tp_user [ RunTime:0.013000s ]
ERR: 1146:Table 'thinkphp.tp_user' doesn't exist
 [ SQL语句 ] : DESCRIBE tp_user
SQL: SELECT * FROM `tp_user`  [ RunTime:0.001000s ]
ERR: 1146:Table 'thinkphp.tp_user' doesn't exist
 [ SQL语句 ] : SELECT * FROM `tp_user` 
INFO: [ app_end ] --START--
INFO: Run Behavior\ShowPageTraceBehavior [ RunTime:0.001001s ]
INFO: [ app_end ] --END-- [ RunTime:0.002001s ]

[ 2014-08-19T17:41:45+08:00 ] 127.0.0.1 /TPshop/Home/User/model
INFO: [ app_init ] --START--
INFO: Run Behavior\BuildLiteBehavior [ RunTime:0.000000s ]
INFO: [ app_init ] --END-- [ RunTime:0.002000s ]
INFO: [ app_begin ] --START--
INFO: Run Behavior\ReadHtmlCacheBehavior [ RunTime:0.002000s ]
INFO: [ app_begin ] --END-- [ RunTime:0.002000s ]
SQL: DESCRIBE tp_user [ RunTime:0.011001s ]
ERR: 1146:Table 'thinkphp.tp_user' doesn't exist
 [ SQL语句 ] : DESCRIBE tp_user
SQL: SELECT * FROM `tp_user`  [ RunTime:0.001000s ]
ERR: 1146:Table 'thinkphp.tp_user' doesn't exist
 [ SQL语句 ] : SELECT * FROM `tp_user` 
INFO: [ app_end ] --START--
INFO: Run Behavior\ShowPageTraceBehavior [ RunTime:0.001000s ]
INFO: [ app_end ] --END-- [ RunTime:0.002000s ]

[ 2014-08-19T17:41:45+08:00 ] 127.0.0.1 /TPshop/Home/User/model
INFO: [ app_init ] --START--
INFO: Run Behavior\BuildLiteBehavior [ RunTime:0.000000s ]
INFO: [ app_init ] --END-- [ RunTime:0.002000s ]
INFO: [ app_begin ] --START--
INFO: Run Behavior\ReadHtmlCacheBehavior [ RunTime:0.002000s ]
INFO: [ app_begin ] --END-- [ RunTime:0.002000s ]
SQL: DESCRIBE tp_user [ RunTime:0.012000s ]
ERR: 1146:Table 'thinkphp.tp_user' doesn't exist
 [ SQL语句 ] : DESCRIBE tp_user
SQL: SELECT * FROM `tp_user`  [ RunTime:0.001000s ]
ERR: 1146:Table 'thinkphp.tp_user' doesn't exist
 [ SQL语句 ] : SELECT * FROM `tp_user` 
INFO: [ app_end ] --START--
INFO: Run Behavior\ShowPageTraceBehavior [ RunTime:0.001000s ]
INFO: [ app_end ] --END-- [ RunTime:0.001000s ]

[ 2014-08-19T17:42:04+08:00 ] 127.0.0.1 /TPshop/Home/User/model
INFO: [ app_init ] --START--
INFO: Run Behavior\BuildLiteBehavior [ RunTime:0.000000s ]
INFO: [ app_init ] --END-- [ RunTime:0.001000s ]
INFO: [ app_begin ] --START--
INFO: Run Behavior\ReadHtmlCacheBehavior [ RunTime:0.001000s ]
INFO: [ app_begin ] --END-- [ RunTime:0.001000s ]
SQL: DESCRIBE tp_user [ RunTime:0.012000s ]
ERR: 1146:Table 'thinkphp.tp_user' doesn't exist
 [ SQL语句 ] : DESCRIBE tp_user
SQL: SELECT * FROM `tp_user`  [ RunTime:0.001000s ]
ERR: 1146:Table 'thinkphp.tp_user' doesn't exist
 [ SQL语句 ] : SELECT * FROM `tp_user` 
INFO: [ app_end ] --START--
INFO: Run Behavior\ShowPageTraceBehavior [ RunTime:0.002000s ]
INFO: [ app_end ] --END-- [ RunTime:0.002000s ]

[ 2014-08-19T17:42:12+08:00 ] 127.0.0.1 /TPshop/Home/User/model
INFO: [ app_init ] --START--
INFO: Run Behavior\BuildLiteBehavior [ RunTime:0.000000s ]
INFO: [ app_init ] --END-- [ RunTime:0.001000s ]
INFO: [ app_begin ] --START--
INFO: Run Behavior\ReadHtmlCacheBehavior [ RunTime:0.001000s ]
INFO: [ app_begin ] --END-- [ RunTime:0.001000s ]
SQL: DESCRIBE tp_user [ RunTime:0.012001s ]
ERR: 1146:Table 'thinkphp.tp_user' doesn't exist
 [ SQL语句 ] : DESCRIBE tp_user
SQL: SELECT * FROM `tp_user`  [ RunTime:0.001000s ]
ERR: 1146:Table 'thinkphp.tp_user' doesn't exist
 [ SQL语句 ] : SELECT * FROM `tp_user` 
INFO: [ app_end ] --START--
INFO: Run Behavior\ShowPageTraceBehavior [ RunTime:0.001000s ]
INFO: [ app_end ] --END-- [ RunTime:0.002000s ]

[ 2014-08-19T17:42:26+08:00 ] 127.0.0.1 /TPshop/Home/User/model
INFO: [ app_init ] --START--
INFO: Run Behavior\BuildLiteBehavior [ RunTime:0.000000s ]
INFO: [ app_init ] --END-- [ RunTime:0.001000s ]
INFO: [ app_begin ] --START--
INFO: Run Behavior\ReadHtmlCacheBehavior [ RunTime:0.002000s ]
INFO: [ app_begin ] --END-- [ RunTime:0.002000s ]
SQL: DESCRIBE tp_user [ RunTime:0.011001s ]
ERR: 1146:Table 'thinkphp.tp_user' doesn't exist
 [ SQL语句 ] : DESCRIBE tp_user
SQL: SELECT * FROM `tp_user`  [ RunTime:0.002000s ]
ERR: 1146:Table 'thinkphp.tp_user' doesn't exist
 [ SQL语句 ] : SELECT * FROM `tp_user` 
INFO: [ app_end ] --START--
INFO: Run Behavior\ShowPageTraceBehavior [ RunTime:0.002000s ]
INFO: [ app_end ] --END-- [ RunTime:0.002000s ]

[ 2014-08-19T17:42:27+08:00 ] 127.0.0.1 /TPshop/Home/User/model
INFO: [ app_init ] --START--
INFO: Run Behavior\BuildLiteBehavior [ RunTime:0.000000s ]
INFO: [ app_init ] --END-- [ RunTime:0.002000s ]
INFO: [ app_begin ] --START--
INFO: Run Behavior\ReadHtmlCacheBehavior [ RunTime:0.002000s ]
INFO: [ app_begin ] --END-- [ RunTime:0.002000s ]
SQL: DESCRIBE tp_user [ RunTime:0.011000s ]
ERR: 1146:Table 'thinkphp.tp_user' doesn't exist
 [ SQL语句 ] : DESCRIBE tp_user
SQL: SELECT * FROM `tp_user`  [ RunTime:0.002000s ]
ERR: 1146:Table 'thinkphp.tp_user' doesn't exist
 [ SQL语句 ] : SELECT * FROM `tp_user` 
INFO: [ app_end ] --START--
INFO: Run Behavior\ShowPageTraceBehavior [ RunTime:0.002000s ]
INFO: [ app_end ] --END-- [ RunTime:0.002000s ]

[ 2014-08-19T17:42:28+08:00 ] 127.0.0.1 /TPshop/Home/User/model
INFO: [ app_init ] --START--
INFO: Run Behavior\BuildLiteBehavior [ RunTime:0.000000s ]
INFO: [ app_init ] --END-- [ RunTime:0.002000s ]
INFO: [ app_begin ] --START--
INFO: Run Behavior\ReadHtmlCacheBehavior [ RunTime:0.001000s ]
INFO: [ app_begin ] --END-- [ RunTime:0.002000s ]
SQL: DESCRIBE tp_user [ RunTime:0.011001s ]
ERR: 1146:Table 'thinkphp.tp_user' doesn't exist
 [ SQL语句 ] : DESCRIBE tp_user
SQL: SELECT * FROM `tp_user`  [ RunTime:0.001000s ]
ERR: 1146:Table 'thinkphp.tp_user' doesn't exist
 [ SQL语句 ] : SELECT * FROM `tp_user` 
INFO: [ app_end ] --START--
INFO: Run Behavior\ShowPageTraceBehavior [ RunTime:0.002000s ]
INFO: [ app_end ] --END-- [ RunTime:0.002000s ]

[ 2014-08-19T17:42:28+08:00 ] 127.0.0.1 /TPshop/Home/User/model
INFO: [ app_init ] --START--
INFO: Run Behavior\BuildLiteBehavior [ RunTime:0.000000s ]
INFO: [ app_init ] --END-- [ RunTime:0.002000s ]
INFO: [ app_begin ] --START--
INFO: Run Behavior\ReadHtmlCacheBehavior [ RunTime:0.002000s ]
INFO: [ app_begin ] --END-- [ RunTime:0.003000s ]
SQL: DESCRIBE tp_user [ RunTime:0.011001s ]
ERR: 1146:Table 'thinkphp.tp_user' doesn't exist
 [ SQL语句 ] : DESCRIBE tp_user
SQL: SELECT * FROM `tp_user`  [ RunTime:0.002000s ]
ERR: 1146:Table 'thinkphp.tp_user' doesn't exist
 [ SQL语句 ] : SELECT * FROM `tp_user` 
INFO: [ app_end ] --START--
INFO: Run Behavior\ShowPageTraceBehavior [ RunTime:0.002000s ]
INFO: [ app_end ] --END-- [ RunTime:0.002000s ]

[ 2014-08-19T17:43:20+08:00 ] 127.0.0.1 /TPshop/Home/User/model
INFO: [ app_init ] --START--
INFO: Run Behavior\BuildLiteBehavior [ RunTime:0.000000s ]
INFO: [ app_init ] --END-- [ RunTime:0.002000s ]
INFO: [ app_begin ] --START--
INFO: Run Behavior\ReadHtmlCacheBehavior [ RunTime:0.003000s ]
INFO: [ app_begin ] --END-- [ RunTime:0.003000s ]
SQL: DESCRIBE tp_user [ RunTime:0.011001s ]
ERR: 1146:Table 'thinkphp.tp_user' doesn't exist
 [ SQL语句 ] : DESCRIBE tp_user
SQL: SELECT * FROM `tp_user`  [ RunTime:0.002000s ]
ERR: 1146:Table 'thinkphp.tp_user' doesn't exist
 [ SQL语句 ] : SELECT * FROM `tp_user` 
INFO: [ app_end ] --START--
INFO: Run Behavior\ShowPageTraceBehavior [ RunTime:0.002000s ]
INFO: [ app_end ] --END-- [ RunTime:0.002000s ]

[ 2014-08-19T17:45:31+08:00 ] 127.0.0.1 /TPshop/Home/User/model
INFO: [ app_init ] --START--
INFO: Run Behavior\BuildLiteBehavior [ RunTime:0.000000s ]
INFO: [ app_init ] --END-- [ RunTime:0.002000s ]
INFO: [ app_begin ] --START--
INFO: Run Behavior\ReadHtmlCacheBehavior [ RunTime:0.003000s ]
INFO: [ app_begin ] --END-- [ RunTime:0.003000s ]
SQL: DESCRIBE think_user [ RunTime:0.012001s ]
SQL: SELECT * FROM `think_user`  [ RunTime:0.000000s ]
INFO: [ app_end ] --START--
INFO: Run Behavior\ShowPageTraceBehavior [ RunTime:0.002000s ]
INFO: [ app_end ] --END-- [ RunTime:0.002000s ]

[ 2014-08-19T17:46:10+08:00 ] 127.0.0.1 /TPshop/Home/User/model
INFO: [ app_init ] --START--
INFO: Run Behavior\BuildLiteBehavior [ RunTime:0.000000s ]
INFO: [ app_init ] --END-- [ RunTime:0.001000s ]
INFO: [ app_begin ] --START--
INFO: Run Behavior\ReadHtmlCacheBehavior [ RunTime:0.001000s ]
INFO: [ app_begin ] --END-- [ RunTime:0.001000s ]
SQL: DESCRIBE think_user [ RunTime:0.011000s ]
SQL: SELECT * FROM `think_user`  [ RunTime:0.001000s ]
INFO: [ app_end ] --START--
INFO: Run Behavior\ShowPageTraceBehavior [ RunTime:0.002000s ]
INFO: [ app_end ] --END-- [ RunTime:0.002000s ]

[ 2014-08-19T17:49:36+08:00 ] 127.0.0.1 /TPshop/Home/User/model
INFO: [ app_init ] --START--
INFO: Run Behavior\BuildLiteBehavior [ RunTime:0.000000s ]
INFO: [ app_init ] --END-- [ RunTime:0.002000s ]
INFO: [ app_begin ] --START--
INFO: Run Behavior\ReadHtmlCacheBehavior [ RunTime:0.002000s ]
INFO: [ app_begin ] --END-- [ RunTime:0.002000s ]

[ 2014-08-19T17:49:37+08:00 ] 127.0.0.1 /TPshop/Home/User/model
INFO: [ app_init ] --START--
INFO: Run Behavior\BuildLiteBehavior [ RunTime:0.000000s ]
INFO: [ app_init ] --END-- [ RunTime:0.002000s ]
INFO: [ app_begin ] --START--
INFO: Run Behavior\ReadHtmlCacheBehavior [ RunTime:0.002000s ]
INFO: [ app_begin ] --END-- [ RunTime:0.002000s ]

[ 2014-08-19T17:50:08+08:00 ] 127.0.0.1 /TPshop/Home/User/model
INFO: [ app_init ] --START--
INFO: Run Behavior\BuildLiteBehavior [ RunTime:0.000000s ]
INFO: [ app_init ] --END-- [ RunTime:0.001000s ]
INFO: [ app_begin ] --START--
INFO: Run Behavior\ReadHtmlCacheBehavior [ RunTime:0.001000s ]
INFO: [ app_begin ] --END-- [ RunTime:0.002000s ]

[ 2014-08-19T17:50:09+08:00 ] 127.0.0.1 /TPshop/Home/User/model
INFO: [ app_init ] --START--
INFO: Run Behavior\BuildLiteBehavior [ RunTime:0.000000s ]
INFO: [ app_init ] --END-- [ RunTime:0.001000s ]
INFO: [ app_begin ] --START--
INFO: Run Behavior\ReadHtmlCacheBehavior [ RunTime:0.001000s ]
INFO: [ app_begin ] --END-- [ RunTime:0.001000s ]

[ 2014-08-19T17:50:09+08:00 ] 127.0.0.1 /TPshop/Home/User/model
INFO: [ app_init ] --START--
INFO: Run Behavior\BuildLiteBehavior [ RunTime:0.000000s ]
INFO: [ app_init ] --END-- [ RunTime:0.002000s ]
INFO: [ app_begin ] --START--
INFO: Run Behavior\ReadHtmlCacheBehavior [ RunTime:0.002000s ]
INFO: [ app_begin ] --END-- [ RunTime:0.002000s ]

[ 2014-08-19T17:50:09+08:00 ] 127.0.0.1 /TPshop/Home/User/model
INFO: [ app_init ] --START--
INFO: Run Behavior\BuildLiteBehavior [ RunTime:0.000000s ]
INFO: [ app_init ] --END-- [ RunTime:0.001000s ]
INFO: [ app_begin ] --START--
INFO: Run Behavior\ReadHtmlCacheBehavior [ RunTime:0.001000s ]
INFO: [ app_begin ] --END-- [ RunTime:0.001000s ]

[ 2014-08-19T17:50:10+08:00 ] 127.0.0.1 /TPshop/Home/User/model
INFO: [ app_init ] --START--
INFO: Run Behavior\BuildLiteBehavior [ RunTime:0.000000s ]
INFO: [ app_init ] --END-- [ RunTime:0.002000s ]
INFO: [ app_begin ] --START--
INFO: Run Behavior\ReadHtmlCacheBehavior [ RunTime:0.002001s ]
INFO: [ app_begin ] --END-- [ RunTime:0.002001s ]

[ 2014-08-19T17:52:39+08:00 ] 127.0.0.1 /TPshop/Home/User/model
INFO: [ app_init ] --START--
INFO: Run Behavior\BuildLiteBehavior [ RunTime:0.000000s ]
INFO: [ app_init ] --END-- [ RunTime:0.002000s ]
INFO: [ app_begin ] --START--
INFO: Run Behavior\ReadHtmlCacheBehavior [ RunTime:0.004000s ]
INFO: [ app_begin ] --END-- [ RunTime:0.005000s ]
SQL: DESCRIBE think_user [ RunTime:0.014001s ]
SQL: SELECT * FROM `think_user`  [ RunTime:0.001000s ]
INFO: [ app_end ] --START--
INFO: Run Behavior\ShowPageTraceBehavior [ RunTime:0.003000s ]
INFO: [ app_end ] --END-- [ RunTime:0.003000s ]

[ 2014-08-19T17:55:17+08:00 ] 127.0.0.1 /TPshop/Home/User/model
INFO: [ app_init ] --START--
INFO: Run Behavior\BuildLiteBehavior [ RunTime:0.000000s ]
INFO: [ app_init ] --END-- [ RunTime:0.001000s ]
INFO: [ app_begin ] --START--
INFO: Run Behavior\ReadHtmlCacheBehavior [ RunTime:0.003000s ]
INFO: [ app_begin ] --END-- [ RunTime:0.003000s ]
SQL: DESCRIBE tp_user [ RunTime:0.012001s ]
ERR: 1146:Table 'thinkphp.tp_user' doesn't exist
 [ SQL语句 ] : DESCRIBE tp_user
SQL: SELECT * FROM `tp_user`  [ RunTime:0.002000s ]
ERR: 1146:Table 'thinkphp.tp_user' doesn't exist
 [ SQL语句 ] : SELECT * FROM `tp_user` 
INFO: [ app_end ] --START--
INFO: Run Behavior\ShowPageTraceBehavior [ RunTime:0.003000s ]
INFO: [ app_end ] --END-- [ RunTime:0.003000s ]

[ 2014-08-19T17:56:54+08:00 ] 127.0.0.1 /TPshop/Home/User/model
INFO: [ app_init ] --START--
INFO: Run Behavior\BuildLiteBehavior [ RunTime:0.000000s ]
INFO: [ app_init ] --END-- [ RunTime:0.002001s ]
INFO: [ app_begin ] --START--
INFO: Run Behavior\ReadHtmlCacheBehavior [ RunTime:0.003000s ]
INFO: [ app_begin ] --END-- [ RunTime:0.003000s ]
SQL: DESCRIBE tb_abc [ RunTime:0.012001s ]
ERR: 1146:Table 'thinkphp.tb_abc' doesn't exist
 [ SQL语句 ] : DESCRIBE tb_abc
SQL: SELECT * FROM `tb_abc`  [ RunTime:0.002000s ]
ERR: 1146:Table 'thinkphp.tb_abc' doesn't exist
 [ SQL语句 ] : SELECT * FROM `tb_abc` 
INFO: [ app_end ] --START--
INFO: Run Behavior\ShowPageTraceBehavior [ RunTime:0.002000s ]
INFO: [ app_end ] --END-- [ RunTime:0.003000s ]

[ 2014-08-19T17:57:54+08:00 ] 127.0.0.1 /TPshop/Home/User/model
INFO: [ app_init ] --START--
INFO: Run Behavior\BuildLiteBehavior [ RunTime:0.000000s ]
INFO: [ app_init ] --END-- [ RunTime:0.002000s ]
INFO: [ app_begin ] --START--
INFO: Run Behavior\ReadHtmlCacheBehavior [ RunTime:0.002000s ]
INFO: [ app_begin ] --END-- [ RunTime:0.002000s ]
SQL: DESCRIBE abc.think_user [ RunTime:0.066004s ]
ERR: 1146:Table 'abc.think_user' doesn't exist
 [ SQL语句 ] : DESCRIBE abc.think_user
SQL: SELECT * FROM abc.think_user  [ RunTime:0.004001s ]
ERR: 1146:Table 'abc.think_user' doesn't exist
 [ SQL语句 ] : SELECT * FROM abc.think_user 
INFO: [ app_end ] --START--
INFO: Run Behavior\ShowPageTraceBehavior [ RunTime:0.002000s ]
INFO: [ app_end ] --END-- [ RunTime:0.002000s ]

